C51 COMPILER V9.54   LCD1602                                                               01/10/2018 14:19:10 PAGE 1   


C51 COMPILER V9.54, COMPILATION OF MODULE LCD1602
OBJECT MODULE PLACED IN .\Objects\lcd1602.obj
COMPILER INVOKED BY: D:\Program Files (x86)\KeiluVision\C51\C51\BIN\C51.EXE lcd1602.c OPTIMIZE(9,SPEED) BROWSE DEBUG OBJ
                    -ECTEXTEND PRINT(.\Listings\lcd1602.lst) OBJECT(.\Objects\lcd1602.obj)

line level    source

   1          #include "stdafx.h"
   2          //code by </MATRIX>/Neod Anderjon
   3          //==========================================================================
   4          /*
   5                  LCD1602驱动
   6                  常用指令集
   7                  0x28   设置16*2显示，5*7点阵，4位数据接口 
   8                  0x38   设置16*2显示，5*7点阵，8位数据接口 
   9                  0x01   清屏,光标复位到地址00H位置 
  10                  0x02   光标归原点，DDRAM中内容不变，地址计数器AC=0;（此时地址为0x80）  
  11                  0x0F   开显示，显示光标，光标闪烁 
  12                  0x0e   开显示，显示光标，光标不闪烁 
  13                  0x0c   开显示，不显示光标 
  14                  0x08   只开显示  
  15                  0x06   地址加一，当写入数据的时候光标右移  设定显示屏或光标移动方向指令  
  16                  0x18   字符全部左移一格，但光标不动 
  17                  0x1c   字符全部右移一格，但光标不动 
  18                  0x10   光标左移1格，且AC值减1 
  19                  0x14   光标右移1格，且AC值加1
  20          */
  21          
  22          LCD1602EnumScreen lcd_es = dis_status;
  23          
  24          //向LCD1602寄存器写命令
  25          void LCD1602_WriteCommand (u8 com)                  
  26          {
  27   1              IO_LCD1602_rs = 0;
  28   1              IO_LCD1602_en = 0;
  29   1              LCD1602CallPort = com;
  30   1              delay_ms(5);
  31   1              IO_LCD1602_en = 1;
  32   1              delay_ms(5);
  33   1              IO_LCD1602_en = 0;      
  34   1      }
  35          
  36          //向LCD1602寄存器写数据
  37          void LCD1602_WriteData (u8 dat)          
  38          {
  39   1              IO_LCD1602_rs = 1;
  40   1              IO_LCD1602_en = 0;
  41   1              LCD1602CallPort = dat;
  42   1              delay_ms(5);
  43   1              IO_LCD1602_en = 1;
  44   1              delay_ms(5);
  45   1              IO_LCD1602_en = 0;      
  46   1      }
  47          
  48          //LCD1602清屏
  49          void LCD1602_ClearScreen (void)
  50          {
  51   1              LCD1602_WriteCommand(0x01);     
  52   1      }
  53          
  54          //LCD1602显示初始化
C51 COMPILER V9.54   LCD1602                                                               01/10/2018 14:19:10 PAGE 2   

  55          void LCD1602_Init (void)
  56          {
  57   1              IO_LCD1602_en = 0;
  58   1              
  59   1              LCD1602_WriteCommand(0x38);                     //设置显示模式16*2显示，5*7点阵，8位数据接口
  60   1              LCD1602_WriteCommand(0x0c);                     //去除光标
  61   1              LCD1602_WriteCommand(0x06);                     //设置显示模式：光标右移字符不移  
  62   1              LCD1602_ClearScreen();                          //清屏
  63   1      }
  64          
  65          //LCD1602显示字符串
  66          void LCD1602_DisplayString (u8 addr, LCD1602_Row row, u8 array[])                       
  67          {
  68   1              u16 num;
  69   1              
  70   1              //选择行号
  71   1              if (row == ROW1)
  72   1                      LCD1602_WriteCommand(0x80 + addr);            
  73   1              else if (row == ROW2)
  74   1                      LCD1602_WriteCommand(0x80 + 0x40 + addr);  
  75   1      
  76   1              //逐字符显示，strlen求取字符串数组长度
  77   1          for (num = 0; num < strlen(array); num++)   
  78   1              {
  79   2                      LCD1602_WriteData(array[num]);   
  80   2                      delay_us(5);
  81   2              }
  82   1      }
  83          
  84          //LCD1602显示数字
  85          void LCD1602_DisplayNumber (u8 addr, u32 dat, LCD1602_Row row)              
  86          {       
  87   1              //选择行号
  88   1              if (row == ROW1)
  89   1                      LCD1602_WriteCommand(0x80 + addr);            
  90   1              else if (row == ROW2)
  91   1                      LCD1602_WriteCommand(0x80 + 0x40 + addr); 
  92   1              
  93   1              //仅兼容4位宽十进制数，自带ASCII转换
  94   1              LCD1602_WriteData(AsciiTransfer(dat / 1000));      
  95   1              LCD1602_WriteData(AsciiTransfer((dat % 1000) / 100));     
  96   1              LCD1602_WriteData(AsciiTransfer((dat % 100) / 10));             
  97   1              LCD1602_WriteData(AsciiTransfer(dat % 10));       
  98   1              
  99   1              //选择行号
 100   1              if (row == ROW1)
 101   1                      LCD1602_WriteCommand(0x80 + addr);            
 102   1              else if (row == ROW2)
 103   1                      LCD1602_WriteCommand(0x80 + 0x40 + addr); 
 104   1      }
 105          
 106          //==========================================================================
 107          //code by </MATRIX>/Neod Anderjon


MODULE INFORMATION:   STATIC OVERLAYABLE
   CODE SIZE        =    304    ----
   CONSTANT SIZE    =   ----    ----
   XDATA SIZE       =   ----    ----
   PDATA SIZE       =   ----    ----
   DATA SIZE        =      1      11
   IDATA SIZE       =   ----    ----
C51 COMPILER V9.54   LCD1602                                                               01/10/2018 14:19:10 PAGE 3   

   BIT SIZE         =   ----    ----
END OF MODULE INFORMATION.


C51 COMPILATION COMPLETE.  0 WARNING(S),  0 ERROR(S)
