C51 COMPILER V9.54   LED                                                                   01/10/2018 14:56:35 PAGE 1   


C51 COMPILER V9.54, COMPILATION OF MODULE LED
OBJECT MODULE PLACED IN .\Objects\led.obj
COMPILER INVOKED BY: D:\Program Files (x86)\KeiluVision\C51\C51\BIN\C51.EXE led.c OPTIMIZE(9,SPEED) BROWSE DEBUG OBJECTE
                    -XTEND PRINT(.\Listings\led.lst) OBJECT(.\Objects\led.obj)

line level    source

   1          #include "stdafx.h"
   2          //code by </MATRIX>@Neod Anderjon
   3          //==========================================================================
   4          //LED显示控制
   5          
   6          //LED集群动作控制
   7          void LEDGroupCtrl (LEDGroupNbr nbr, LEDMoveList mv)
   8          {
   9   1              switch (nbr)
  10   1              {
  11   2              case led_0:
  12   2                      switch (mv)
  13   2                      {
  14   3                      case On:        LED0_On;        break;
  15   3                      case Off:       LED0_Off;       break;
  16   3                      case Blink: LED0_Blink; break;
  17   3                      }
  18   2                      break;
  19   2              case led_1:
  20   2                      switch (mv)
  21   2                      {
  22   3                      case On:        LED1_On;        break;
  23   3                      case Off:       LED1_Off;       break;
  24   3                      case Blink: LED1_Blink; break;
  25   3                      }
  26   2                      break;
  27   2              }
  28   1      }
  29          
  30          //初始化完成闪烁标志
  31          void PreInitFinishedBlink (void)
  32          {
  33   1          u8 bb;                                                                                                      
  34   1              
  35   1              //闪烁几次，直到有人发现已经完成初始化
  36   1          for (bb = 0; bb < 3; bb++)                                                          
  37   1          {
  38   2                      LEDGroupCtrl(led_0, Blink);
  39   2              LEDGroupCtrl(led_1, Blink);
  40   2              delay_ms(50);
  41   2              LEDGroupCtrl(led_0, Blink);
  42   2              LEDGroupCtrl(led_1, Blink);
  43   2              delay_ms(50);
  44   2              LEDGroupCtrl(led_0, Blink);
  45   2              LEDGroupCtrl(led_1, Blink);
  46   2              delay_ms(50);
  47   2              LEDGroupCtrl(led_0, Blink);
  48   2              LEDGroupCtrl(led_1, Blink);
  49   2          }
  50   1              LEDGroupCtrl(led_0, Off);
  51   1              LEDGroupCtrl(led_0, Off);
  52   1      }
  53          
  54          //==========================================================================
C51 COMPILER V9.54   LED                                                                   01/10/2018 14:56:35 PAGE 2   

  55          //code by </MATRIX>@Neod Anderjon


MODULE INFORMATION:   STATIC OVERLAYABLE
   CODE SIZE        =    114    ----
   CONSTANT SIZE    =   ----    ----
   XDATA SIZE       =   ----    ----
   PDATA SIZE       =   ----    ----
   DATA SIZE        =   ----       1
   IDATA SIZE       =   ----    ----
   BIT SIZE         =   ----    ----
END OF MODULE INFORMATION.


C51 COMPILATION COMPLETE.  0 WARNING(S),  0 ERROR(S)
